<?xml version="1.0" encoding="UTF-8"?>
<!-- Generated by org.testng.reporters.JUnitXMLReporter -->
<testsuite hostname="PC-20171021RSMW" ignored="0" name="exampletest1" tests="6" failures="2" timestamp="10 六月 2019 14:10:40 GMT" time="0.095" errors="0">
  <testcase name="testPrintMessage" time="0.042" classname="com.fihdqa.testng.Test1"/>
  <testcase name="testPrintMessage" time="0.001" classname="com.fihdqa.testng.Test1"/>
  <testcase name="testPrintMessage" time="0.001" classname="com.fihdqa.testng.Test1"/>
  <testcase name="testSalutationMessage" time="0.002" classname="com.fihdqa.testng.Test2"/>
  <testcase name="testSalutationMessage" time="0.001" classname="com.fihdqa.testng.Test2">
    <failure type="java.lang.AssertionError" message="expected [Hi!Hi!Manisha] but found [Hi!Manisha]">
      <![CDATA[java.lang.AssertionError: expected [Hi!Hi!Manisha] but found [Hi!Manisha]
at com.fihdqa.testng.Test2.testSalutationMessage(Test2.java:14)
... Removed 31 stack frames]]>
    </failure>
  </testcase> <!-- testSalutationMessage -->
  <testcase name="testSalutationMessage" time="0.001" classname="com.fihdqa.testng.Test2">
    <failure type="java.lang.AssertionError" message="expected [Hi!Hi!Hi!Manisha] but found [Hi!Manisha]">
      <![CDATA[java.lang.AssertionError: expected [Hi!Hi!Hi!Manisha] but found [Hi!Manisha]
at com.fihdqa.testng.Test2.testSalutationMessage(Test2.java:14)
... Removed 31 stack frames]]>
    </failure>
  </testcase> <!-- testSalutationMessage -->
</testsuite> <!-- exampletest1 -->
